1733456257.638230 client started (17967): version 3.2a, socket /tmp/tmux-1000/default, protocol 8
1733456257.638244 on Linux 5.15.153.1-microsoft-standard-WSL2 #1 SMP Fri Mar 29 23:14:13 UTC 2024
1733456257.638314 using libevent 2.1.12-stable (poll); ncurses 6.3
1733456257.638325 flags are 0x10010000
1733456257.638327 socket is /tmp/tmux-1000/default
1733456257.638333 trying connect
1733456257.638379 add peer 0x559cc49093a0: 6 ((nil))
1733456257.638491 sending message 100 to peer 0x559cc49093a0 (4 bytes)
1733456257.638495 sending message 111 to peer 0x559cc49093a0 (8 bytes)
1733456257.638497 sending message 101 to peer 0x559cc49093a0 (7 bytes)
1733456257.638499 sending message 109 to peer 0x559cc49093a0 (4 bytes)
1733456257.638501 sending message 102 to peer 0x559cc49093a0 (11 bytes)
1733456257.638503 sending message 108 to peer 0x559cc49093a0 (37 bytes)
1733456257.638504 sending message 112 to peer 0x559cc49093a0 (70 bytes)
1733456257.638506 sending message 112 to peer 0x559cc49093a0 (5 bytes)
1733456257.638508 sending message 112 to peer 0x559cc49093a0 (5 bytes)
1733456257.638509 sending message 112 to peer 0x559cc49093a0 (6 bytes)
1733456257.638511 sending message 112 to peer 0x559cc49093a0 (6 bytes)
1733456257.638513 sending message 112 to peer 0x559cc49093a0 (11 bytes)
1733456257.638515 sending message 112 to peer 0x559cc49093a0 (10 bytes)
1733456257.638516 sending message 112 to peer 0x559cc49093a0 (13 bytes)
1733456257.638518 sending message 112 to peer 0x559cc49093a0 (13 bytes)
1733456257.638520 sending message 112 to peer 0x559cc49093a0 (18 bytes)
1733456257.638521 sending message 112 to peer 0x559cc49093a0 (9 bytes)
1733456257.638523 sending message 112 to peer 0x559cc49093a0 (21 bytes)
1733456257.638525 sending message 112 to peer 0x559cc49093a0 (13 bytes)
1733456257.638527 sending message 112 to peer 0x559cc49093a0 (7 bytes)
1733456257.638528 sending message 112 to peer 0x559cc49093a0 (13 bytes)
1733456257.638530 sending message 112 to peer 0x559cc49093a0 (7 bytes)
1733456257.638532 sending message 112 to peer 0x559cc49093a0 (13 bytes)
1733456257.638533 sending message 112 to peer 0x559cc49093a0 (9 bytes)
1733456257.638535 sending message 112 to peer 0x559cc49093a0 (21 bytes)
1733456257.638537 sending message 112 to peer 0x559cc49093a0 (13 bytes)
1733456257.638538 sending message 112 to peer 0x559cc49093a0 (8 bytes)
1733456257.638540 sending message 112 to peer 0x559cc49093a0 (12 bytes)
1733456257.638541 sending message 112 to peer 0x559cc49093a0 (13 bytes)
1733456257.638543 sending message 112 to peer 0x559cc49093a0 (9 bytes)
1733456257.638545 sending message 112 to peer 0x559cc49093a0 (9 bytes)
1733456257.638546 sending message 112 to peer 0x559cc49093a0 (12 bytes)
1733456257.638548 sending message 112 to peer 0x559cc49093a0 (8 bytes)
1733456257.638550 sending message 112 to peer 0x559cc49093a0 (7 bytes)
1733456257.638551 sending message 112 to peer 0x559cc49093a0 (7 bytes)
1733456257.638553 sending message 112 to peer 0x559cc49093a0 (9 bytes)
1733456257.638555 sending message 112 to peer 0x559cc49093a0 (13 bytes)
1733456257.638556 sending message 112 to peer 0x559cc49093a0 (9 bytes)
1733456257.638558 sending message 112 to peer 0x559cc49093a0 (15 bytes)
1733456257.638559 sending message 112 to peer 0x559cc49093a0 (13 bytes)
1733456257.638561 sending message 112 to peer 0x559cc49093a0 (12 bytes)
1733456257.638563 sending message 112 to peer 0x559cc49093a0 (8 bytes)
1733456257.638564 sending message 112 to peer 0x559cc49093a0 (14 bytes)
1733456257.638566 sending message 112 to peer 0x559cc49093a0 (9 bytes)
1733456257.638568 sending message 112 to peer 0x559cc49093a0 (10 bytes)
1733456257.638569 sending message 112 to peer 0x559cc49093a0 (10 bytes)
1733456257.638571 sending message 112 to peer 0x559cc49093a0 (10 bytes)
1733456257.638573 sending message 112 to peer 0x559cc49093a0 (10 bytes)
1733456257.638574 sending message 112 to peer 0x559cc49093a0 (11 bytes)
1733456257.638576 sending message 112 to peer 0x559cc49093a0 (10 bytes)
1733456257.638577 sending message 112 to peer 0x559cc49093a0 (8 bytes)
1733456257.638579 sending message 112 to peer 0x559cc49093a0 (11 bytes)
1733456257.638584 sending message 112 to peer 0x559cc49093a0 (11 bytes)
1733456257.638586 sending message 112 to peer 0x559cc49093a0 (11 bytes)
1733456257.638588 sending message 112 to peer 0x559cc49093a0 (8 bytes)
1733456257.638590 sending message 112 to peer 0x559cc49093a0 (8 bytes)
1733456257.638591 sending message 112 to peer 0x559cc49093a0 (8 bytes)
1733456257.638593 sending message 112 to peer 0x559cc49093a0 (10 bytes)
1733456257.638594 sending message 112 to peer 0x559cc49093a0 (10 bytes)
1733456257.638596 sending message 112 to peer 0x559cc49093a0 (10 bytes)
1733456257.638598 sending message 112 to peer 0x559cc49093a0 (10 bytes)
1733456257.638599 sending message 112 to peer 0x559cc49093a0 (10 bytes)
1733456257.638601 sending message 112 to peer 0x559cc49093a0 (11 bytes)
1733456257.638603 sending message 112 to peer 0x559cc49093a0 (11 bytes)
1733456257.638605 sending message 112 to peer 0x559cc49093a0 (10 bytes)
1733456257.638606 sending message 112 to peer 0x559cc49093a0 (9 bytes)
1733456257.638608 sending message 112 to peer 0x559cc49093a0 (9 bytes)
1733456257.638610 sending message 112 to peer 0x559cc49093a0 (12 bytes)
1733456257.638612 sending message 112 to peer 0x559cc49093a0 (9 bytes)
1733456257.638613 sending message 112 to peer 0x559cc49093a0 (6 bytes)
1733456257.638615 sending message 112 to peer 0x559cc49093a0 (8 bytes)
1733456257.638617 sending message 112 to peer 0x559cc49093a0 (15 bytes)
1733456257.638618 sending message 112 to peer 0x559cc49093a0 (13 bytes)
1733456257.638620 sending message 112 to peer 0x559cc49093a0 (16 bytes)
1733456257.638622 sending message 112 to peer 0x559cc49093a0 (16 bytes)
1733456257.638623 sending message 112 to peer 0x559cc49093a0 (10 bytes)
1733456257.638625 sending message 112 to peer 0x559cc49093a0 (8 bytes)
1733456257.638627 sending message 112 to peer 0x559cc49093a0 (15 bytes)
1733456257.638628 sending message 112 to peer 0x559cc49093a0 (13 bytes)
1733456257.638630 sending message 112 to peer 0x559cc49093a0 (10 bytes)
1733456257.638632 sending message 112 to peer 0x559cc49093a0 (10 bytes)
1733456257.638633 sending message 112 to peer 0x559cc49093a0 (5 bytes)
1733456257.638635 sending message 112 to peer 0x559cc49093a0 (15 bytes)
1733456257.638637 sending message 104 to peer 0x559cc49093a0 (0 bytes)
1733456257.638639 sending message 110 to peer 0x559cc49093a0 (0 bytes)
1733456257.638640 sending message 107 to peer 0x559cc49093a0 (4 bytes)
1733456257.638642 sending message 105 to peer 0x559cc49093a0 (42 bytes)
1733456257.638644 sending message 105 to peer 0x559cc49093a0 (54 bytes)
1733456257.638645 sending message 105 to peer 0x559cc49093a0 (11 bytes)
1733456257.638647 sending message 105 to peer 0x559cc49093a0 (23 bytes)
1733456257.638649 sending message 105 to peer 0x559cc49093a0 (16 bytes)
1733456257.638651 sending message 105 to peer 0x559cc49093a0 (13 bytes)
1733456257.638652 sending message 105 to peer 0x559cc49093a0 (20 bytes)
1733456257.638654 sending message 105 to peer 0x559cc49093a0 (9 bytes)
1733456257.638655 sending message 105 to peer 0x559cc49093a0 (58 bytes)
1733456257.638657 sending message 105 to peer 0x559cc49093a0 (16 bytes)
1733456257.638659 sending message 105 to peer 0x559cc49093a0 (31 bytes)
1733456257.638660 sending message 105 to peer 0x559cc49093a0 (67 bytes)
1733456257.638662 sending message 105 to peer 0x559cc49093a0 (44 bytes)
1733456257.638664 sending message 105 to peer 0x559cc49093a0 (12 bytes)
1733456257.638666 sending message 105 to peer 0x559cc49093a0 (1730 bytes)
1733456257.638673 sending message 105 to peer 0x559cc49093a0 (16 bytes)
1733456257.638675 sending message 105 to peer 0x559cc49093a0 (40 bytes)
1733456257.638676 sending message 105 to peer 0x559cc49093a0 (41 bytes)
1733456257.638678 sending message 105 to peer 0x559cc49093a0 (19 bytes)
1733456257.638680 sending message 105 to peer 0x559cc49093a0 (8 bytes)
1733456257.638682 sending message 105 to peer 0x559cc49093a0 (12 bytes)
1733456257.638683 sending message 105 to peer 0x559cc49093a0 (18 bytes)
1733456257.638685 sending message 105 to peer 0x559cc49093a0 (26 bytes)
1733456257.638689 sending message 105 to peer 0x559cc49093a0 (36 bytes)
1733456257.638691 sending message 105 to peer 0x559cc49093a0 (13 bytes)
1733456257.638692 sending message 105 to peer 0x559cc49093a0 (17 bytes)
1733456257.638694 sending message 105 to peer 0x559cc49093a0 (26 bytes)
1733456257.638696 sending message 105 to peer 0x559cc49093a0 (24 bytes)
1733456257.638698 sending message 105 to peer 0x559cc49093a0 (33 bytes)
1733456257.638699 sending message 105 to peer 0x559cc49093a0 (23 bytes)
1733456257.638701 sending message 105 to peer 0x559cc49093a0 (33 bytes)
1733456257.638703 sending message 105 to peer 0x559cc49093a0 (53 bytes)
1733456257.638704 sending message 105 to peer 0x559cc49093a0 (48 bytes)
1733456257.638706 sending message 105 to peer 0x559cc49093a0 (32 bytes)
1733456257.638708 sending message 105 to peer 0x559cc49093a0 (50 bytes)
1733456257.638710 sending message 105 to peer 0x559cc49093a0 (45 bytes)
1733456257.638711 sending message 105 to peer 0x559cc49093a0 (16 bytes)
1733456257.638713 sending message 105 to peer 0x559cc49093a0 (24 bytes)
1733456257.638715 sending message 105 to peer 0x559cc49093a0 (20 bytes)
1733456257.638716 sending message 105 to peer 0x559cc49093a0 (10 bytes)
1733456257.638718 sending message 106 to peer 0x559cc49093a0 (0 bytes)
1733456257.638721 sending message 200 to peer 0x559cc49093a0 (4 bytes)
1733456257.638722 client loop enter
1733456257.639040 peer 0x559cc49093a0 message 303
1733456257.639046 open write file 2 -
1733456257.639051 sending message 305 to peer 0x559cc49093a0 (8 bytes)
1733456257.639056 write check file 2
1733456257.639180 peer 0x559cc49093a0 message 304
1733456257.639186 write 58 to file 2
1733456257.639189 peer 0x559cc49093a0 message 203
1733456257.639191 file 2 58 bytes left
1733456257.639216 write check file 2
1733456257.639220 client loop exit
